{"level":"info","message":"hello","service":"user-service"}
{"level":"info","message":"hello"}
{"level":"info","message":"Hello distributed log files!","metadata":{"app":"my-app"}}
{"level":"info","message":"Hello distributed log files!","metadata":{"app":"my-app"}}
{"level":"info","message":"Hello distributed log files!","metadata":{"app":"my-app"}}
{"level":"info","message":"Hello distributed log files!","metadata":{"app":"my-app"},"timestamp":"2024-05-14T08:06:40.284Z"}
{"level":"info","message":"Hello distributed log files!","metadata":{"app":"my-app"},"timestamp":"2024-05-14T08:06:52.992Z"}
{"level":"info","message":"Hello distributed log files!","timestamp":"2024-05-14T08:07:12.916Z"}
{"level":"error","message":"Hello distributed log files!","timestamp":"2024-05-14T08:07:36.302Z"}
{
  level: 'error',
  message: 'Hello distributed log files!',
  timestamp: '2024-05-14T08:07:58.659Z'
}
{
  level: 'error',
  message: 'Hello distributed log files!',
  timestamp: '2024-05-14T08:08:09.008Z'
}
{"@fields":{"level":"error"},"@message":"Hello distributed log files!","@timestamp":"2024-05-14T08:08:46.008Z"}
{"@fields":{"level":"error"},"@message":"Hello distributed log files!","@timestamp":"2024-05-14T08:08:57.970Z"}
{"level":"error","message":"Hello distributed log files!","timestamp":"2024-05-14T08:09:23.119Z"}
{"level":"error","message":"Hello distributed log files!","timestamp":"2024-05-14T08:09:34.103Z"}
{"level":"error","message":"Hello distributed log files!","timestamp":"2024-05-14T09:10:44.201Z"}
{"@fields":{"level":"error"},"@message":"Hello distributed log files!","@timestamp":"2024-05-14T09:11:52.052Z"}
{"@fields":{"level":"info"},"@message":"Hello distributed log files!","@timestamp":"2024-05-14T09:12:11.489Z"}
info: Hello distributed log files! {"timestamp":"2024-05-14T09:12:44.759Z"}
{
  level: 'info',
  message: 'Hello distributed log files!',
  timestamp: '2024-05-14T09:16:39.981Z'
}
{
  level: 'info',
  message: 'Hello distributed log files!',
  timestamp: '2024-05-14T09:16:59.903Z'
}
info: Hello distributed log files! {"timestamp":"2024-05-14T09:19:02.587Z"}
info: Hello distributed log files! {"timestamp":"2024-05-14T09:19:43.641Z"}
{"level":"info","message":"Hello distributed log files!","timestamp":"2024-05-14T09:20:10.434Z"}
{
  level: 'info',
  message: 'Hello distributed log files!',
  timestamp: '2024-05-14T09:21:43.981Z'
}
{
  level: 'info',
  message: 'Hello distributed log files!',
  label: 'coucou',
  timestamp: '2024-05-14T09:22:23.458Z'
}
{
  level: 'info',
  message: 'Hello distributed log files!',
  label: 'coucou',
  timestamp: '2024-05-14T09:22:46.659Z'
}
{
  level: 'info',
  message: 'Hello distributed log files!',
  label: 'coucou',
  timestamp: '2024-05-14T09:23:12.677Z'
}
info: Hello distributed log files! {"label":"coucou","timestamp":"2024-05-14T09:23:28.202Z"}
info: Hello distributed log files! {"label":"coucou","timestamp":"2024-05-14T09:27:22.795Z","title":"hh"}
info: Hello distributed log files! {"defaultMeta":{"title":"hmiop"},"label":"coucou","timestamp":"2024-05-14T09:27:41.239Z","title":"hh"}
info: Hello distributed log files! {"defaultMeta":{"title":"hmiop"},"label":"coucou","timestamp":"2024-05-14T09:27:50.815Z"}
info: Export meta:Hello distributed log files! {"label":"coucou","timestamp":"2024-05-14T09:28:26.190Z"}
info: Export meta: Hello distributed log files! {"label":"coucou","timestamp":"2024-05-14T09:28:47.176Z"}
info: Export meta: Hello distributed log files! {"label":"coucou","timestamp":"2024-05-14T09:29:25.408Z"}
info: hardison Export meta: Hello distributed log files! {"label":"coucou","timestamp":"2024-05-14T09:32:53.831Z"}
info: Export meta: Hello distributed log files! {"label":"coucou","timestamp":"2024-05-14T09:34:49.260Z"}
info: Export meta: Hello distributed log files! {"label":"coucou","timestamp":"2024-05-14T09:36:27.291Z"}
info: Hello distributed log files! {"label":"coucou","timestamp":"2024-05-14T09:38:08.519Z"}
info: Hello distributed log files! {"label":"coucou","timestamp":"2024-05-14T09:40:18.102Z"}
info: Hello distributed log files! {"label":"coucou","timestamp":"2024-05-14T09:42:58.642Z"}
info: Hello distributed log files! {"label":"coucou","timestamp":"2024-05-14T09:44:21.608Z"}
info: Hello distributed log files! {"label":"coucou","timestamp":"2024-05-14T09:45:59.936Z"}
error: Une erreur est survenue
info: Une erreur est survenue
info: Une erreur est survenue
info: Une erreur est survenue
info: Une erreur est survenue
info: Une erreur est survenue {"timestamp":"2024-05-14T09:53:08.850Z"}
error: Une erreur est survenue {"timestamp":"2024-05-14T09:53:21.477Z"}
error: Une erreur est survenue {"timestamp":"2024-05-14T09:53:55.453Z"}
error: Une erreur est survenue {"timestamp":"2024-05-14T09:54:11.091Z"}
error: Une erreur est survenue {"timestamp":"2024-05-14T09:56:42.342Z"}
error: Une erreur est survenue {"label":"test avec label","timestamp":"2024-05-14T09:57:58.183Z"}
